[2023-10-20 16:20:29.646] [info] Using configuration file /home/volaticus/.config/waybar/config
[2023-10-20 16:20:29.646] [info] Using CSS file /home/volaticus/.config/waybar/style.css
[2023-10-20 16:20:29.648] [info] Hyprland IPC starting
No players found

(waybar:66019): GLib-GObject-CRITICAL **: 16:20:29.666: ../glib/gobject/gsignal.c:2088: type 'GtkWindow' is already overridden for signal id '73'

(waybar:66019): GLib-GObject-CRITICAL **: 16:20:29.666: ../glib/gobject/gsignal.c:2088: type 'GtkWindow' is already overridden for signal id '72'
No players found
==> ERROR: Cannot fetch updates
[2023-10-20 16:20:29.896] [info] Bar configured (width: 2560, height: 46) for output: DP-2
[2023-10-20 16:20:29.896] [info] Bar configured (width: 2560, height: 46) for output: DP-1

** (waybar:66019): WARNING **: 16:20:29.899: Status Notifier Item with bus name ':1.161' and object path '/org/ayatana/NotificationItem/nm_applet' is already registered
[2023-10-20 16:20:29.915] [info] Bar configured (width: 2560, height: 46) for output: DP-2
No players found
No players found
No players found
No players found
No players found
No players found
No players found
No players found
No players found
No players found
No players found
No players found
No players found
No players found
No players found
No players found
No players found
No players found
No players found
No players found
No players found
No players found
No players found
No players found
No players found
No players found
[2023-10-20 16:21:38.136] [info] Using configuration file /home/volaticus/.config/waybar/config
[2023-10-20 16:21:38.137] [info] Using CSS file /home/volaticus/.config/waybar/style.css
[2023-10-20 16:21:38.139] [info] Hyprland IPC starting
No players found

(waybar:66386): GLib-GObject-CRITICAL **: 16:21:38.157: ../glib/gobject/gsignal.c:2088: type 'GtkWindow' is already overridden for signal id '73'

(waybar:66386): GLib-GObject-CRITICAL **: 16:21:38.158: ../glib/gobject/gsignal.c:2088: type 'GtkWindow' is already overridden for signal id '72'
No players found
==> ERROR: Cannot fetch updates
[2023-10-20 16:21:38.377] [info] Bar configured (width: 2560, height: 46) for output: DP-2
[2023-10-20 16:21:38.377] [info] Bar configured (width: 2560, height: 46) for output: DP-1

** (waybar:66386): WARNING **: 16:21:38.379: Status Notifier Item with bus name ':1.161' and object path '/org/ayatana/NotificationItem/nm_applet' is already registered
[2023-10-20 16:21:38.389] [info] Bar configured (width: 2560, height: 46) for output: DP-2
No players found
No players found
No players found
No players found
No players found
No players found
No players found
No players found
No players found
No players found
No players found
No players found
No players found
No players found
No players found
No players found
No players found
No players found
No players found
No players found
No players found
No players found
No players found
No players found
No players found
No players found
No players found
No players found
No players found
No players found
No players found
No players found
No players found
No players found
No players found
No players found
No players found
No players found
No players found
No players found
No players found
No players found
No players found
No players found
No players found
No players found
No players found
No players found
No players found
No players found
No players found
No players found
No players found
No players found
No players found
No players found
No players found
No players found
No players found
No players found
No players found
No players found
No players found
No players found
No players found
No players found
No players found
No players found
No players found
No players found
No players found
No players found
No players found
No players found
No players found
No players found
No players found
No players found
No players found
No players found
No players found
No players found
No players found
No players found
No players found
No players found
No players found
No players found
No players found
No players found
No players found
No players found
No players found
No players found
No players found
No players found
No players found
No players found
No players found
No players found
No players found
No players found
No players found
No players found
No players found
No players found
No players found
No players found
No players found
No players found
No players found
No players found
No players found
No players found
No players found
No players found
No players found
No players found
No players found
No players found
No players found
No players found
No players found
No players found
No players found
No players found
No players found
No players found
No players found
No players found
No players found
No players found
No players found
No players found
No players found
No players found
No players found
No players found
No players found
No players found
No players found
No players found
No players found
No players found
No players found
No players found
No players found
No players found
No players found
No players found
No players found
No players found
No players found
No players found
No players found
No players found
No players found
No players found
No players found
No players found
No players found
No players found
No players found
No players found
No players found
No players found
No players found
No players found
No players found
No players found
No players found
No players found
No players found
No players found
No players found
No players found
No players found
No players found
No players found
No players found
No players found
No players found
No players found
No players found
No players found
No players found
No players found
No players found
No players found
No players found
No players found
No players found
No players found
No players found
No players found
No players found
No players found
No players found
No players found
No players found
No players found
No players found
No players found
No players found
No players found
No players found
No players found
No players found
No players found
No players found
No players found
No players found
No players found
No players found
No players found
No players found
No players found
No players found
No players found
No players found
No players found
No players found
No players found
No players found
No players found
No players found
No players found
No players found
No players found
No players found
No players found
No players found
No players found
No players found
No players found
No players found
No players found
No players found
No players found
No players found
No players found
No players found
No players found
No players found
No players found
No players found
No players found
No players found
No players found
No players found
No players found
No players found
No players found
No players found
No players found
No players found
No players found
No players found
No players found
No players found
No players found
No players found
No players found
No players found
No players found
No players found
No players found
No players found
No players found
No players found
No players found
No players found
No players found
No players found
No players found
No players found
No players found
No players found
No players found
No players found
No players found
No players found
No players found
No players found
No players found
No players found
No players found
No players found
No players found
No players found
